SF:lib/main.dart
DA:7,1
DA:8,1
DA:9,2
DA:10,1
LF:4
LH:4
end_of_record
SF:lib/app.dart
DA:6,1
DA:7,0
LF:2
LH:1
end_of_record
SF:lib/counter/cubit/counter_state.dart
DA:6,1
DA:8,1
DA:11,1
DA:12,3
DA:13,3
DA:15,0
DA:16,0
LF:7
LH:5
end_of_record
SF:lib/counter/cubit/counter_cubit.dart
DA:7,3
DA:9,6
DA:10,6
LF:3
LH:3
end_of_record
SF:lib/counter/view/counter_page.dart
DA:8,1
DA:10,1
DA:12,1
DA:13,2
DA:14,1
LF:5
LH:5
end_of_record
SF:lib/counter/view/counter_view.dart
DA:12,1
DA:14,2
DA:15,1
DA:16,1
DA:17,1
DA:18,1
DA:19,1
DA:20,4
DA:24,1
DA:27,1
DA:28,1
DA:31,3
DA:34,1
DA:37,3
LF:14
LH:14
end_of_record
SF:lib/counter_observer.dart
DA:9,0
DA:11,0
DA:12,0
LF:3
LH:0
end_of_record
